# JRE version: Java(TM) SE Runtime Environment (8.0_77-b03) (build 1.8.0_77-b03)
# Java VM: Java HotSpot(TM) 64-Bit Server VM (25.77-b03 mixed mode windows-amd64 compressed oops)
Heap:
 PSYoungGen      total 138240K, used 92132K [0x00000000d5700000, 0x00000000e0780000, 0x0000000100000000)
  eden space 133120K, 65% used [0x00000000d5700000,0x00000000dabfc1f8,0x00000000dd900000)
  from space 5120K, 99% used [0x00000000dd900000,0x00000000dddfd050,0x00000000dde00000)
  to   space 12800K, 0% used [0x00000000dfb00000,0x00000000dfb00000,0x00000000e0780000)
 ParOldGen       total 67072K, used 17960K [0x0000000080400000, 0x0000000084580000, 0x00000000d5700000)
  object space 67072K, 26% used [0x0000000080400000,0x000000008158a360,0x0000000084580000)
 Metaspace       used 29605K, capacity 30060K, committed 30208K, reserved 1075200K
  class space    used 3604K, capacity 3719K, committed 3840K, reserved 1048576K
GC Heap History (10 events):
Event: 0.895 GC heap before
{Heap before GC invocations=2 (full 0):
 PSYoungGen      total 38400K, used 38395K [0x00000000d5700000, 0x00000000da200000, 0x0000000100000000)
  eden space 33280K, 100% used [0x00000000d5700000,0x00000000d7780000,0x00000000d7780000)
  from space 5120K, 99% used [0x00000000d7780000,0x00000000d7c7efc0,0x00000000d7c80000)
  to   space 5120K, 0% used [0x00000000d9d00000,0x00000000d9d00000,0x00000000da200000)
 ParOldGen       total 87552K, used 3354K [0x0000000080400000, 0x0000000085980000, 0x00000000d5700000)
  object space 87552K, 3% used [0x0000000080400000,0x0000000080746ac8,0x0000000085980000)
 Metaspace       used 15328K, capacity 15510K, committed 15872K, reserved 1062912K
  class space    used 1913K, capacity 1955K, committed 2048K, reserved 1048576K
Event: 0.910 GC heap after
Heap after GC invocations=2 (full 0):
 PSYoungGen      total 71680K, used 5097K [0x00000000d5700000, 0x00000000da200000, 0x0000000100000000)
  eden space 66560K, 0% used [0x00000000d5700000,0x00000000d5700000,0x00000000d9800000)
  from space 5120K, 99% used [0x00000000d9d00000,0x00000000da1fa6d0,0x00000000da200000)
  to   space 5120K, 0% used [0x00000000d9800000,0x00000000d9800000,0x00000000d9d00000)
 ParOldGen       total 87552K, used 9270K [0x0000000080400000, 0x0000000085980000, 0x00000000d5700000)
  object space 87552K, 10% used [0x0000000080400000,0x0000000080d0dae8,0x0000000085980000)
 Metaspace       used 15328K, capacity 15510K, committed 15872K, reserved 1062912K
  class space    used 1913K, capacity 1955K, committed 2048K, reserved 1048576K
}
Event: 1.362 GC heap before
{Heap before GC invocations=3 (full 0):
 PSYoungGen      total 71680K, used 57205K [0x00000000d5700000, 0x00000000da200000, 0x0000000100000000)
  eden space 66560K, 78% used [0x00000000d5700000,0x00000000d89e2ee8,0x00000000d9800000)
  from space 5120K, 99% used [0x00000000d9d00000,0x00000000da1fa6d0,0x00000000da200000)
  to   space 5120K, 0% used [0x00000000d9800000,0x00000000d9800000,0x00000000d9d00000)
 ParOldGen       total 87552K, used 9270K [0x0000000080400000, 0x0000000085980000, 0x00000000d5700000)
  object space 87552K, 10% used [0x0000000080400000,0x0000000080d0dae8,0x0000000085980000)
 Metaspace       used 20893K, capacity 21094K, committed 21248K, reserved 1067008K
  class space    used 2624K, capacity 2694K, committed 2816K, reserved 1048576K
Event: 1.379 GC heap after
Heap after GC invocations=3 (full 0):
 PSYoungGen      total 71680K, used 5112K [0x00000000d5700000, 0x00000000de300000, 0x0000000100000000)
  eden space 66560K, 0% used [0x00000000d5700000,0x00000000d5700000,0x00000000d9800000)
  from space 5120K, 99% used [0x00000000d9800000,0x00000000d9cfe0a0,0x00000000d9d00000)
  to   space 5120K, 0% used [0x00000000dde00000,0x00000000dde00000,0x00000000de300000)
 ParOldGen       total 87552K, used 15290K [0x0000000080400000, 0x0000000085980000, 0x00000000d5700000)
  object space 87552K, 17% used [0x0000000080400000,0x00000000812ee918,0x0000000085980000)
 Metaspace       used 20893K, capacity 21094K, committed 21248K, reserved 1067008K
  class space    used 2624K, capacity 2694K, committed 2816K, reserved 1048576K
}
Event: 1.379 GC heap before
{Heap before GC invocations=4 (full 1):
 PSYoungGen      total 71680K, used 5112K [0x00000000d5700000, 0x00000000de300000, 0x0000000100000000)
  eden space 66560K, 0% used [0x00000000d5700000,0x00000000d5700000,0x00000000d9800000)
  from space 5120K, 99% used [0x00000000d9800000,0x00000000d9cfe0a0,0x00000000d9d00000)
  to   space 5120K, 0% used [0x00000000dde00000,0x00000000dde00000,0x00000000de300000)
 ParOldGen       total 87552K, used 15290K [0x0000000080400000, 0x0000000085980000, 0x00000000d5700000)
  object space 87552K, 17% used [0x0000000080400000,0x00000000812ee918,0x0000000085980000)
 Metaspace       used 20893K, capacity 21094K, committed 21248K, reserved 1067008K
  class space    used 2624K, capacity 2694K, committed 2816K, reserved 1048576K
Event: 1.415 GC heap after
Heap after GC invocations=4 (full 1):
 PSYoungGen      total 71680K, used 0K [0x00000000d5700000, 0x00000000de300000, 0x0000000100000000)
  eden space 66560K, 0% used [0x00000000d5700000,0x00000000d5700000,0x00000000d9800000)
  from space 5120K, 0% used [0x00000000d9800000,0x00000000d9800000,0x00000000d9d00000)
  to   space 5120K, 0% used [0x00000000dde00000,0x00000000dde00000,0x00000000de300000)
 ParOldGen       total 67072K, used 12717K [0x0000000080400000, 0x0000000084580000, 0x00000000d5700000)
  object space 67072K, 18% used [0x0000000080400000,0x000000008106b4d0,0x0000000084580000)
 Metaspace       used 20893K, capacity 21094K, committed 21248K, reserved 1067008K
  class space    used 2624K, capacity 2694K, committed 2816K, reserved 1048576K
}
Event: 2.117 GC heap before
{Heap before GC invocations=5 (full 1):
 PSYoungGen      total 71680K, used 66560K [0x00000000d5700000, 0x00000000de300000, 0x0000000100000000)
  eden space 66560K, 100% used [0x00000000d5700000,0x00000000d9800000,0x00000000d9800000)
  from space 5120K, 0% used [0x00000000d9800000,0x00000000d9800000,0x00000000d9d00000)
  to   space 5120K, 0% used [0x00000000dde00000,0x00000000dde00000,0x00000000de300000)
 ParOldGen       total 67072K, used 12717K [0x0000000080400000, 0x0000000084580000, 0x00000000d5700000)
  object space 67072K, 18% used [0x0000000080400000,0x000000008106b4d0,0x0000000084580000)
 Metaspace       used 25904K, capacity 26206K, committed 26368K, reserved 1073152K
  class space    used 3226K, capacity 3306K, committed 3328K, reserved 1048576K
Event: 2.124 GC heap after
Heap after GC invocations=5 (full 1):
 PSYoungGen      total 108544K, used 5106K [0x00000000d5700000, 0x00000000de300000, 0x0000000100000000)
  eden space 103424K, 0% used [0x00000000d5700000,0x00000000d5700000,0x00000000dbc00000)
  from space 5120K, 99% used [0x00000000dde00000,0x00000000de2fcb68,0x00000000de300000)
  to   space 5120K, 0% used [0x00000000dd900000,0x00000000dd900000,0x00000000dde00000)
 ParOldGen       total 67072K, used 14798K [0x0000000080400000, 0x0000000084580000, 0x00000000d5700000)
  object space 67072K, 22% used [0x0000000080400000,0x0000000081273ad0,0x0000000084580000)
 Metaspace       used 25904K, capacity 26206K, committed 26368K, reserved 1073152K
  class space    used 3226K, capacity 3306K, committed 3328K, reserved 1048576K
}
Event: 6.012 GC heap before
{Heap before GC invocations=6 (full 1):
 PSYoungGen      total 108544K, used 108526K [0x00000000d5700000, 0x00000000de300000, 0x0000000100000000)
  eden space 103424K, 99% used [0x00000000d5700000,0x00000000dbbfecd0,0x00000000dbc00000)
  from space 5120K, 99% used [0x00000000dde00000,0x00000000de2fcb68,0x00000000de300000)
  to   space 5120K, 0% used [0x00000000dd900000,0x00000000dd900000,0x00000000dde00000)
 ParOldGen       total 67072K, used 14798K [0x0000000080400000, 0x0000000084580000, 0x00000000d5700000)
  object space 67072K, 22% used [0x0000000080400000,0x0000000081273ad0,0x0000000084580000)
 Metaspace       used 29039K, capacity 29428K, committed 29568K, reserved 1075200K
  class space    used 3567K, capacity 3683K, committed 3712K, reserved 1048576K
Event: 6.036 GC heap after
Heap after GC invocations=6 (full 1):
 PSYoungGen      total 138240K, used 5108K [0x00000000d5700000, 0x00000000e0780000, 0x0000000100000000)
  eden space 133120K, 0% used [0x00000000d5700000,0x00000000d5700000,0x00000000dd900000)
  from space 5120K, 99% used [0x00000000dd900000,0x00000000dddfd050,0x00000000dde00000)
  to   space 12800K, 0% used [0x00000000dfb00000,0x00000000dfb00000,0x00000000e0780000)
 ParOldGen       total 67072K, used 17960K [0x0000000080400000, 0x0000000084580000, 0x00000000d5700000)
  object space 67072K, 26% used [0x0000000080400000,0x000000008158a360,0x0000000084580000)
 Metaspace       used 29039K, capacity 29428K, committed 29568K, reserved 1075200K
  class space    used 3567K, capacity 3683K, committed 3712K, reserved 1048576K
}

